<?xml version="1.0" encoding="UTF-8"?>
<!-- Generated by org.testng.reporters.JUnitXMLReporter -->
<testsuite ignored="0" hostname="DESKTOP-02BT5IC" failures="0" tests="3" name="Scenario3" time="5.25" errors="0" timestamp="2021-05-27T20:17:00 IST">
  <testcase classname="com.testscenarios.HotelBooking" name="selectHotels" time="0.798"/>
  <testcase classname="com.testscenarios.HotelBooking" name="verifyTitle" time="0.004"/>
  <testcase classname="com.testscenarios.HotelBooking" name="getNoAdults" time="0.623"/>
</testsuite> <!-- Scenario3 -->
