<?xml version="1.0" encoding="UTF-8"?>
<!-- Generated by org.testng.reporters.JUnitXMLReporter -->
<testsuite ignored="0" hostname="DESKTOP-02BT5IC" failures="0" tests="6" name="Scenario2" time="7.86" errors="0" timestamp="2021-05-27T20:16:55 IST">
  <testcase classname="com.testscenarios.CorporateGifting" name="openSite" time="1.838"/>
  <testcase classname="com.testscenarios.CorporateGifting" name="selectCorporateCards" time="0.344"/>
  <testcase classname="com.testscenarios.CorporateGifting" name="verifyTitleOfGiftpage" time="0.079"/>
  <testcase classname="com.testscenarios.CorporateGifting" name="fillForm" time="0.412"/>
  <testcase classname="com.testscenarios.CorporateGifting" name="formSubmit" time="0.114"/>
  <testcase classname="com.testscenarios.CorporateGifting" name="getErrorMessage" time="1.215"/>
</testsuite> <!-- Scenario2 -->
