<?xml version="1.0" encoding="UTF-8"?>
<!-- Generated by org.testng.reporters.JUnitXMLReporter -->
<testsuite ignored="0" hostname="DESKTOP-02BT5IC" failures="0" tests="11" name="Scenario1" time="9.86" errors="0" timestamp="2021-05-27T20:16:47 IST">
  <testcase classname="com.testscenarios.CabBooking" name="readExcelFile" time="0.467"/>
  <testcase classname="com.testscenarios.CabBooking" name="selectCabs" time="1.161"/>
  <testcase classname="com.testscenarios.CabBooking" name="selectFromCity" time="0.343"/>
  <testcase classname="com.testscenarios.CabBooking" name="verifyTitle" time="0.006"/>
  <testcase classname="com.testscenarios.CabBooking" name="selectToCity" time="0.405"/>
  <testcase classname="com.testscenarios.CabBooking" name="selectDepartureDate" time="0.169"/>
  <testcase classname="com.testscenarios.CabBooking" name="selectTime" time="0.173"/>
  <testcase classname="com.testscenarios.CabBooking" name="clickSearchButton" time="1.799"/>
  <testcase classname="com.testscenarios.CabBooking" name="selectCabType" time="0.628"/>
  <testcase classname="com.testscenarios.CabBooking" name="selectSortByOption" time="0.146"/>
  <testcase classname="com.testscenarios.CabBooking" name="getLowestPrice" time="0.054"/>
</testsuite> <!-- Scenario1 -->
