<?xml version="1.0" encoding="UTF-8"?>
<!-- Generated by org.testng.reporters.JUnitXMLReporter -->
<testsuite ignored="0" hostname="DESKTOP-02BT5IC" failures="0" tests="3" name="Default test" time="6.453" errors="0" timestamp="2021-05-27T20:15:15 IST">
  <testcase classname="com.testscenarios.HotelBooking" name="selectHotels" time="0.769"/>
  <testcase classname="com.testscenarios.HotelBooking" name="verifyTitle" time="0.005"/>
  <testcase classname="com.testscenarios.HotelBooking" name="getNoAdults" time="1.045"/>
</testsuite> <!-- Default test -->
