<?xml version="1.0" encoding="UTF-8"?>
<testng-results ignored="0" total="20" passed="20" failed="0" skipped="0">
  <reporter-output>
  </reporter-output>
  <suite started-at="2021-05-27T20:16:37 IST" name="Functional Testing" finished-at="2021-05-27T20:17:00 IST" duration-ms="22990">
    <groups>
      <group name="Regression">
        <method signature="CabBooking.selectCabs()[pri:1, instance:com.testscenarios.CabBooking@76508ed1]" name="selectCabs" class="com.testscenarios.CabBooking"/>
        <method signature="CabBooking.selectDepartureDate()[pri:5, instance:com.testscenarios.CabBooking@76508ed1]" name="selectDepartureDate" class="com.testscenarios.CabBooking"/>
        <method signature="CabBooking.selectFromCity()[pri:2, instance:com.testscenarios.CabBooking@76508ed1]" name="selectFromCity" class="com.testscenarios.CabBooking"/>
        <method signature="CabBooking.selectTime()[pri:6, instance:com.testscenarios.CabBooking@76508ed1]" name="selectTime" class="com.testscenarios.CabBooking"/>
        <method signature="CabBooking.selectToCity()[pri:4, instance:com.testscenarios.CabBooking@76508ed1]" name="selectToCity" class="com.testscenarios.CabBooking"/>
        <method signature="CabBooking.verifyTitle()[pri:2, instance:com.testscenarios.CabBooking@76508ed1]" name="verifyTitle" class="com.testscenarios.CabBooking"/>
        <method signature="CorporateGifting.selectCorporateCards()[pri:1, instance:com.testscenarios.CorporateGifting@6c80d78a]" name="selectCorporateCards" class="com.testscenarios.CorporateGifting"/>
        <method signature="CorporateGifting.formSubmit()[pri:2, instance:com.testscenarios.CorporateGifting@6c80d78a]" name="formSubmit" class="com.testscenarios.CorporateGifting"/>
        <method signature="HotelBooking.getNoAdults()[pri:2, instance:com.testscenarios.HotelBooking@47af7f3d]" name="getNoAdults" class="com.testscenarios.HotelBooking"/>
        <method signature="HotelBooking.selectHotels()[pri:0, instance:com.testscenarios.HotelBooking@47af7f3d]" name="selectHotels" class="com.testscenarios.HotelBooking"/>
        <method signature="HotelBooking.verifyTitle()[pri:1, instance:com.testscenarios.HotelBooking@47af7f3d]" name="verifyTitle" class="com.testscenarios.HotelBooking"/>
      </group> <!-- Regression -->
      <group name="Smoke">
        <method signature="CabBooking.clickSearchButton()[pri:7, instance:com.testscenarios.CabBooking@76508ed1]" name="clickSearchButton" class="com.testscenarios.CabBooking"/>
        <method signature="CabBooking.getLowestPrice()[pri:10, instance:com.testscenarios.CabBooking@76508ed1]" name="getLowestPrice" class="com.testscenarios.CabBooking"/>
        <method signature="CabBooking.selectCabType()[pri:8, instance:com.testscenarios.CabBooking@76508ed1]" name="selectCabType" class="com.testscenarios.CabBooking"/>
        <method signature="CabBooking.selectDepartureDate()[pri:5, instance:com.testscenarios.CabBooking@76508ed1]" name="selectDepartureDate" class="com.testscenarios.CabBooking"/>
        <method signature="CabBooking.selectFromCity()[pri:2, instance:com.testscenarios.CabBooking@76508ed1]" name="selectFromCity" class="com.testscenarios.CabBooking"/>
        <method signature="CabBooking.selectSortByOption()[pri:9, instance:com.testscenarios.CabBooking@76508ed1]" name="selectSortByOption" class="com.testscenarios.CabBooking"/>
        <method signature="CabBooking.selectTime()[pri:6, instance:com.testscenarios.CabBooking@76508ed1]" name="selectTime" class="com.testscenarios.CabBooking"/>
        <method signature="CabBooking.selectToCity()[pri:4, instance:com.testscenarios.CabBooking@76508ed1]" name="selectToCity" class="com.testscenarios.CabBooking"/>
        <method signature="CorporateGifting.fillForm()[pri:2, instance:com.testscenarios.CorporateGifting@6c80d78a]" name="fillForm" class="com.testscenarios.CorporateGifting"/>
        <method signature="CorporateGifting.formSubmit()[pri:2, instance:com.testscenarios.CorporateGifting@6c80d78a]" name="formSubmit" class="com.testscenarios.CorporateGifting"/>
        <method signature="CorporateGifting.getErrorMessage()[pri:3, instance:com.testscenarios.CorporateGifting@6c80d78a]" name="getErrorMessage" class="com.testscenarios.CorporateGifting"/>
        <method signature="HotelBooking.getNoAdults()[pri:2, instance:com.testscenarios.HotelBooking@47af7f3d]" name="getNoAdults" class="com.testscenarios.HotelBooking"/>
      </group> <!-- Smoke -->
    </groups>
    <test started-at="2021-05-27T20:16:37 IST" name="Scenario1" finished-at="2021-05-27T20:16:47 IST" duration-ms="9860">
      <class name="com.testscenarios.CabBooking">
        <test-method is-config="true" signature="driverConfig()[pri:0, instance:com.testscenarios.CabBooking@76508ed1]" started-at="2021-05-27T20:16:37 IST" name="driverConfig" finished-at="2021-05-27T20:16:41 IST" duration-ms="3424" status="PASS">
          <reporter-output>
          </reporter-output>
        </test-method> <!-- driverConfig -->
        <test-method signature="readExcelFile()[pri:0, instance:com.testscenarios.CabBooking@76508ed1]" started-at="2021-05-27T20:16:41 IST" name="readExcelFile" finished-at="2021-05-27T20:16:41 IST" duration-ms="467" status="PASS">
          <reporter-output>
          </reporter-output>
        </test-method> <!-- readExcelFile -->
        <test-method is-config="true" signature="tearDown(org.testng.ITestResult)[pri:0, instance:com.testscenarios.CabBooking@76508ed1]" started-at="2021-05-27T20:16:41 IST" name="tearDown" finished-at="2021-05-27T20:16:41 IST" duration-ms="2" status="PASS">
          <params>
            <param index="0">
              <value>
                <![CDATA[[TestResult name=readExcelFile status=SUCCESS method=CabBooking.readExcelFile()[pri:0, instance:com.testscenarios.CabBooking@76508ed1] output={null}]]]>
              </value>
            </param>
          </params>
          <reporter-output>
          </reporter-output>
        </test-method> <!-- tearDown -->
        <test-method signature="selectCabs()[pri:1, instance:com.testscenarios.CabBooking@76508ed1]" started-at="2021-05-27T20:16:41 IST" name="selectCabs" finished-at="2021-05-27T20:16:42 IST" duration-ms="1161" status="PASS">
          <reporter-output>
          </reporter-output>
        </test-method> <!-- selectCabs -->
        <test-method is-config="true" signature="tearDown(org.testng.ITestResult)[pri:0, instance:com.testscenarios.CabBooking@76508ed1]" started-at="2021-05-27T20:16:42 IST" name="tearDown" finished-at="2021-05-27T20:16:43 IST" duration-ms="271" status="PASS">
          <params>
            <param index="0">
              <value>
                <![CDATA[[TestResult name=selectCabs status=SUCCESS method=CabBooking.selectCabs()[pri:1, instance:com.testscenarios.CabBooking@76508ed1] output={null}]]]>
              </value>
            </param>
          </params>
          <reporter-output>
          </reporter-output>
        </test-method> <!-- tearDown -->
        <test-method signature="selectFromCity()[pri:2, instance:com.testscenarios.CabBooking@76508ed1]" started-at="2021-05-27T20:16:43 IST" name="selectFromCity" finished-at="2021-05-27T20:16:43 IST" duration-ms="343" status="PASS">
          <reporter-output>
          </reporter-output>
        </test-method> <!-- selectFromCity -->
        <test-method is-config="true" signature="tearDown(org.testng.ITestResult)[pri:0, instance:com.testscenarios.CabBooking@76508ed1]" started-at="2021-05-27T20:16:43 IST" name="tearDown" finished-at="2021-05-27T20:16:43 IST" duration-ms="7" status="PASS">
          <params>
            <param index="0">
              <value>
                <![CDATA[[TestResult name=selectFromCity status=SUCCESS method=CabBooking.selectFromCity()[pri:2, instance:com.testscenarios.CabBooking@76508ed1] output={null}]]]>
              </value>
            </param>
          </params>
          <reporter-output>
          </reporter-output>
        </test-method> <!-- tearDown -->
        <test-method signature="verifyTitle()[pri:2, instance:com.testscenarios.CabBooking@76508ed1]" started-at="2021-05-27T20:16:43 IST" name="verifyTitle" finished-at="2021-05-27T20:16:43 IST" duration-ms="6" status="PASS">
          <reporter-output>
          </reporter-output>
        </test-method> <!-- verifyTitle -->
        <test-method is-config="true" signature="tearDown(org.testng.ITestResult)[pri:0, instance:com.testscenarios.CabBooking@76508ed1]" started-at="2021-05-27T20:16:43 IST" name="tearDown" finished-at="2021-05-27T20:16:43 IST" duration-ms="8" status="PASS">
          <params>
            <param index="0">
              <value>
                <![CDATA[[TestResult name=verifyTitle status=SUCCESS method=CabBooking.verifyTitle()[pri:2, instance:com.testscenarios.CabBooking@76508ed1] output={null}]]]>
              </value>
            </param>
          </params>
          <reporter-output>
          </reporter-output>
        </test-method> <!-- tearDown -->
        <test-method signature="selectToCity()[pri:4, instance:com.testscenarios.CabBooking@76508ed1]" started-at="2021-05-27T20:16:43 IST" name="selectToCity" finished-at="2021-05-27T20:16:43 IST" duration-ms="405" status="PASS">
          <reporter-output>
          </reporter-output>
        </test-method> <!-- selectToCity -->
        <test-method is-config="true" signature="tearDown(org.testng.ITestResult)[pri:0, instance:com.testscenarios.CabBooking@76508ed1]" started-at="2021-05-27T20:16:43 IST" name="tearDown" finished-at="2021-05-27T20:16:43 IST" duration-ms="8" status="PASS">
          <params>
            <param index="0">
              <value>
                <![CDATA[[TestResult name=selectToCity status=SUCCESS method=CabBooking.selectToCity()[pri:4, instance:com.testscenarios.CabBooking@76508ed1] output={null}]]]>
              </value>
            </param>
          </params>
          <reporter-output>
          </reporter-output>
        </test-method> <!-- tearDown -->
        <test-method signature="selectDepartureDate()[pri:5, instance:com.testscenarios.CabBooking@76508ed1]" started-at="2021-05-27T20:16:43 IST" name="selectDepartureDate" finished-at="2021-05-27T20:16:44 IST" duration-ms="169" status="PASS">
          <reporter-output>
          </reporter-output>
        </test-method> <!-- selectDepartureDate -->
        <test-method is-config="true" signature="tearDown(org.testng.ITestResult)[pri:0, instance:com.testscenarios.CabBooking@76508ed1]" started-at="2021-05-27T20:16:44 IST" name="tearDown" finished-at="2021-05-27T20:16:44 IST" duration-ms="6" status="PASS">
          <params>
            <param index="0">
              <value>
                <![CDATA[[TestResult name=selectDepartureDate status=SUCCESS method=CabBooking.selectDepartureDate()[pri:5, instance:com.testscenarios.CabBooking@76508ed1] output={null}]]]>
              </value>
            </param>
          </params>
          <reporter-output>
          </reporter-output>
        </test-method> <!-- tearDown -->
        <test-method signature="selectTime()[pri:6, instance:com.testscenarios.CabBooking@76508ed1]" started-at="2021-05-27T20:16:44 IST" name="selectTime" finished-at="2021-05-27T20:16:44 IST" duration-ms="173" status="PASS">
          <reporter-output>
          </reporter-output>
        </test-method> <!-- selectTime -->
        <test-method is-config="true" signature="tearDown(org.testng.ITestResult)[pri:0, instance:com.testscenarios.CabBooking@76508ed1]" started-at="2021-05-27T20:16:44 IST" name="tearDown" finished-at="2021-05-27T20:16:44 IST" duration-ms="10" status="PASS">
          <params>
            <param index="0">
              <value>
                <![CDATA[[TestResult name=selectTime status=SUCCESS method=CabBooking.selectTime()[pri:6, instance:com.testscenarios.CabBooking@76508ed1] output={null}]]]>
              </value>
            </param>
          </params>
          <reporter-output>
          </reporter-output>
        </test-method> <!-- tearDown -->
        <test-method signature="clickSearchButton()[pri:7, instance:com.testscenarios.CabBooking@76508ed1]" started-at="2021-05-27T20:16:44 IST" name="clickSearchButton" finished-at="2021-05-27T20:16:46 IST" duration-ms="1799" status="PASS">
          <reporter-output>
          </reporter-output>
        </test-method> <!-- clickSearchButton -->
        <test-method is-config="true" signature="tearDown(org.testng.ITestResult)[pri:0, instance:com.testscenarios.CabBooking@76508ed1]" started-at="2021-05-27T20:16:46 IST" name="tearDown" finished-at="2021-05-27T20:16:46 IST" duration-ms="9" status="PASS">
          <params>
            <param index="0">
              <value>
                <![CDATA[[TestResult name=clickSearchButton status=SUCCESS method=CabBooking.clickSearchButton()[pri:7, instance:com.testscenarios.CabBooking@76508ed1] output={null}]]]>
              </value>
            </param>
          </params>
          <reporter-output>
          </reporter-output>
        </test-method> <!-- tearDown -->
        <test-method signature="selectCabType()[pri:8, instance:com.testscenarios.CabBooking@76508ed1]" started-at="2021-05-27T20:16:46 IST" name="selectCabType" finished-at="2021-05-27T20:16:46 IST" duration-ms="628" status="PASS">
          <reporter-output>
          </reporter-output>
        </test-method> <!-- selectCabType -->
        <test-method is-config="true" signature="tearDown(org.testng.ITestResult)[pri:0, instance:com.testscenarios.CabBooking@76508ed1]" started-at="2021-05-27T20:16:46 IST" name="tearDown" finished-at="2021-05-27T20:16:46 IST" duration-ms="9" status="PASS">
          <params>
            <param index="0">
              <value>
                <![CDATA[[TestResult name=selectCabType status=SUCCESS method=CabBooking.selectCabType()[pri:8, instance:com.testscenarios.CabBooking@76508ed1] output={null}]]]>
              </value>
            </param>
          </params>
          <reporter-output>
          </reporter-output>
        </test-method> <!-- tearDown -->
        <test-method signature="selectSortByOption()[pri:9, instance:com.testscenarios.CabBooking@76508ed1]" started-at="2021-05-27T20:16:46 IST" name="selectSortByOption" finished-at="2021-05-27T20:16:46 IST" duration-ms="146" status="PASS">
          <reporter-output>
          </reporter-output>
        </test-method> <!-- selectSortByOption -->
        <test-method is-config="true" signature="tearDown(org.testng.ITestResult)[pri:0, instance:com.testscenarios.CabBooking@76508ed1]" started-at="2021-05-27T20:16:46 IST" name="tearDown" finished-at="2021-05-27T20:16:46 IST" duration-ms="6" status="PASS">
          <params>
            <param index="0">
              <value>
                <![CDATA[[TestResult name=selectSortByOption status=SUCCESS method=CabBooking.selectSortByOption()[pri:9, instance:com.testscenarios.CabBooking@76508ed1] output={null}]]]>
              </value>
            </param>
          </params>
          <reporter-output>
          </reporter-output>
        </test-method> <!-- tearDown -->
        <test-method signature="getLowestPrice()[pri:10, instance:com.testscenarios.CabBooking@76508ed1]" started-at="2021-05-27T20:16:46 IST" name="getLowestPrice" finished-at="2021-05-27T20:16:47 IST" duration-ms="54" status="PASS">
          <reporter-output>
          </reporter-output>
        </test-method> <!-- getLowestPrice -->
        <test-method is-config="true" signature="tearDown(org.testng.ITestResult)[pri:0, instance:com.testscenarios.CabBooking@76508ed1]" started-at="2021-05-27T20:16:47 IST" name="tearDown" finished-at="2021-05-27T20:16:47 IST" duration-ms="7" status="PASS">
          <params>
            <param index="0">
              <value>
                <![CDATA[[TestResult name=getLowestPrice status=SUCCESS method=CabBooking.getLowestPrice()[pri:10, instance:com.testscenarios.CabBooking@76508ed1] output={null}]]]>
              </value>
            </param>
          </params>
          <reporter-output>
          </reporter-output>
        </test-method> <!-- tearDown -->
        <test-method is-config="true" signature="tearDown()[pri:0, instance:com.testscenarios.CabBooking@76508ed1]" started-at="2021-05-27T20:16:47 IST" name="tearDown" finished-at="2021-05-27T20:16:47 IST" duration-ms="700" status="PASS">
          <reporter-output>
          </reporter-output>
        </test-method> <!-- tearDown -->
      </class> <!-- com.testscenarios.CabBooking -->
    </test> <!-- Scenario1 -->
    <test started-at="2021-05-27T20:16:47 IST" name="Scenario2" finished-at="2021-05-27T20:16:55 IST" duration-ms="7860">
      <class name="com.testscenarios.CorporateGifting">
        <test-method is-config="true" signature="activateDriver()[pri:0, instance:com.testscenarios.CorporateGifting@6c80d78a]" started-at="2021-05-27T20:16:47 IST" name="activateDriver" finished-at="2021-05-27T20:16:50 IST" duration-ms="3067" status="PASS">
          <reporter-output>
          </reporter-output>
        </test-method> <!-- activateDriver -->
        <test-method signature="openSite()[pri:0, instance:com.testscenarios.CorporateGifting@6c80d78a]" started-at="2021-05-27T20:16:50 IST" name="openSite" finished-at="2021-05-27T20:16:52 IST" duration-ms="1838" status="PASS">
          <reporter-output>
          </reporter-output>
        </test-method> <!-- openSite -->
        <test-method signature="selectCorporateCards()[pri:1, instance:com.testscenarios.CorporateGifting@6c80d78a]" started-at="2021-05-27T20:16:52 IST" name="selectCorporateCards" finished-at="2021-05-27T20:16:52 IST" depends-on-methods="com.testscenarios.CorporateGifting.openSite" duration-ms="344" status="PASS">
          <reporter-output>
          </reporter-output>
        </test-method> <!-- selectCorporateCards -->
        <test-method signature="verifyTitleOfGiftpage()[pri:1, instance:com.testscenarios.CorporateGifting@6c80d78a]" started-at="2021-05-27T20:16:52 IST" name="verifyTitleOfGiftpage" finished-at="2021-05-27T20:16:53 IST" depends-on-methods="com.testscenarios.CorporateGifting.selectCorporateCards" duration-ms="79" status="PASS">
          <reporter-output>
          </reporter-output>
        </test-method> <!-- verifyTitleOfGiftpage -->
        <test-method signature="fillForm()[pri:2, instance:com.testscenarios.CorporateGifting@6c80d78a]" started-at="2021-05-27T20:16:53 IST" name="fillForm" finished-at="2021-05-27T20:16:53 IST" depends-on-methods="com.testscenarios.CorporateGifting.verifyTitleOfGiftpage" duration-ms="412" status="PASS">
          <reporter-output>
          </reporter-output>
        </test-method> <!-- fillForm -->
        <test-method signature="formSubmit()[pri:2, instance:com.testscenarios.CorporateGifting@6c80d78a]" started-at="2021-05-27T20:16:53 IST" name="formSubmit" finished-at="2021-05-27T20:16:53 IST" depends-on-methods="com.testscenarios.CorporateGifting.fillForm" duration-ms="114" status="PASS">
          <reporter-output>
          </reporter-output>
        </test-method> <!-- formSubmit -->
        <test-method signature="getErrorMessage()[pri:3, instance:com.testscenarios.CorporateGifting@6c80d78a]" started-at="2021-05-27T20:16:53 IST" name="getErrorMessage" finished-at="2021-05-27T20:16:54 IST" depends-on-methods="com.testscenarios.CorporateGifting.formSubmit" duration-ms="1215" status="PASS">
          <reporter-output>
          </reporter-output>
        </test-method> <!-- getErrorMessage -->
        <test-method is-config="true" signature="endDriverProcess()[pri:0, instance:com.testscenarios.CorporateGifting@6c80d78a]" started-at="2021-05-27T20:16:54 IST" name="endDriverProcess" finished-at="2021-05-27T20:16:55 IST" duration-ms="781" status="PASS">
          <reporter-output>
          </reporter-output>
        </test-method> <!-- endDriverProcess -->
      </class> <!-- com.testscenarios.CorporateGifting -->
    </test> <!-- Scenario2 -->
    <test started-at="2021-05-27T20:16:55 IST" name="Scenario3" finished-at="2021-05-27T20:17:00 IST" duration-ms="5250">
      <class name="com.testscenarios.HotelBooking">
        <test-method is-config="true" signature="driverConfig()[pri:0, instance:com.testscenarios.HotelBooking@47af7f3d]" started-at="2021-05-27T20:16:55 IST" name="driverConfig" finished-at="2021-05-27T20:16:58 IST" duration-ms="3119" status="PASS">
          <reporter-output>
          </reporter-output>
        </test-method> <!-- driverConfig -->
        <test-method signature="selectHotels()[pri:0, instance:com.testscenarios.HotelBooking@47af7f3d]" started-at="2021-05-27T20:16:58 IST" name="selectHotels" finished-at="2021-05-27T20:16:59 IST" duration-ms="798" status="PASS">
          <reporter-output>
          </reporter-output>
        </test-method> <!-- selectHotels -->
        <test-method is-config="true" signature="tearDown(org.testng.ITestResult)[pri:0, instance:com.testscenarios.HotelBooking@47af7f3d]" started-at="2021-05-27T20:16:59 IST" name="tearDown" finished-at="2021-05-27T20:16:59 IST" duration-ms="1" status="PASS">
          <params>
            <param index="0">
              <value>
                <![CDATA[[TestResult name=selectHotels status=SUCCESS method=HotelBooking.selectHotels()[pri:0, instance:com.testscenarios.HotelBooking@47af7f3d] output={null}]]]>
              </value>
            </param>
          </params>
          <reporter-output>
          </reporter-output>
        </test-method> <!-- tearDown -->
        <test-method signature="verifyTitle()[pri:1, instance:com.testscenarios.HotelBooking@47af7f3d]" started-at="2021-05-27T20:16:59 IST" name="verifyTitle" finished-at="2021-05-27T20:16:59 IST" duration-ms="4" status="PASS">
          <reporter-output>
          </reporter-output>
        </test-method> <!-- verifyTitle -->
        <test-method signature="getNoAdults()[pri:2, instance:com.testscenarios.HotelBooking@47af7f3d]" started-at="2021-05-27T20:16:59 IST" name="getNoAdults" finished-at="2021-05-27T20:17:00 IST" duration-ms="623" status="PASS">
          <reporter-output>
          </reporter-output>
        </test-method> <!-- getNoAdults -->
        <test-method is-config="true" signature="tearDown(org.testng.ITestResult)[pri:0, instance:com.testscenarios.HotelBooking@47af7f3d]" started-at="2021-05-27T20:16:59 IST" name="tearDown" finished-at="2021-05-27T20:16:59 IST" duration-ms="0" status="PASS">
          <params>
            <param index="0">
              <value>
                <![CDATA[[TestResult name=verifyTitle status=SUCCESS method=HotelBooking.verifyTitle()[pri:1, instance:com.testscenarios.HotelBooking@47af7f3d] output={null}]]]>
              </value>
            </param>
          </params>
          <reporter-output>
          </reporter-output>
        </test-method> <!-- tearDown -->
        <test-method is-config="true" signature="tearDown(org.testng.ITestResult)[pri:0, instance:com.testscenarios.HotelBooking@47af7f3d]" started-at="2021-05-27T20:17:00 IST" name="tearDown" finished-at="2021-05-27T20:17:00 IST" duration-ms="0" status="PASS">
          <params>
            <param index="0">
              <value>
                <![CDATA[[TestResult name=getNoAdults status=SUCCESS method=HotelBooking.getNoAdults()[pri:2, instance:com.testscenarios.HotelBooking@47af7f3d] output={null}]]]>
              </value>
            </param>
          </params>
          <reporter-output>
          </reporter-output>
        </test-method> <!-- tearDown -->
        <test-method is-config="true" signature="tearDown()[pri:0, instance:com.testscenarios.HotelBooking@47af7f3d]" started-at="2021-05-27T20:17:00 IST" name="tearDown" finished-at="2021-05-27T20:17:00 IST" duration-ms="703" status="PASS">
          <reporter-output>
          </reporter-output>
        </test-method> <!-- tearDown -->
      </class> <!-- com.testscenarios.HotelBooking -->
    </test> <!-- Scenario3 -->
  </suite> <!-- Functional Testing -->
</testng-results>
